<?xml version="1.0" encoding="UTF-8"?>
<!-- Generated by org.testng.reporters.JUnitReportReporter -->
<testsuite name="resultinExcel.Gmailvalidation" tests="2" time="17.006" ignored="0" failures="0" timestamp="03 Dec 2019 12:00:52 GMT" skipped="0" hostname="Toqqer-Srinivask" errors="0">
  <testcase name="openBrowser" time="12.759" classname="resultinExcel.Gmailvalidation"/>
  <testcase name="link" time="4.247" classname="resultinExcel.Gmailvalidation"/>
</testsuite> <!-- resultinExcel.Gmailvalidation -->
